
🚀 Starting backfill for 90 days...

[1/90] 2025-11-07... ✓ 7/7 venues
[2/90] 2025-11-08... ✓ 7/7 venues
[3/90] 2025-11-09... ✓ 7/7 venues
[4/90] 2025-11-10... ✓ 7/7 venues
[5/90] 2025-11-11... ✓ 7/7 venues
[6/90] 2025-11-12... ✓ 7/7 venues
[7/90] 2025-11-13... ✓ 7/7 venues
[8/90] 2025-11-14... ✓ 7/7 venues
[9/90] 2025-11-15... ✓ 7/7 venues
[10/90] 2025-11-16... ✓ 7/7 venues
[11/90] 2025-11-17... ✓ 7/7 venues
[12/90] 2025-11-18... ✓ 7/7 venues
[13/90] 2025-11-19... ✓ 7/7 venues
[14/90] 2025-11-20... ✓ 7/7 venues
[15/90] 2025-11-21... ✓ 7/7 venues
[16/90] 2025-11-22... ✓ 7/7 venues
[17/90] 2025-11-23... ✓ 7/7 venues
[18/90] 2025-11-24... ✓ 7/7 venues
[19/90] 2025-11-25... ✓ 7/7 venues
[20/90] 2025-11-26... ✓ 7/7 venues
[21/90] 2025-11-27... ✓ 7/7 venues
[22/90] 2025-11-28... ✓ 7/7 venues
[23/90] 2025-11-29... ✓ 7/7 venues
[24/90] 2025-11-30... ✓ 7/7 venues
[25/90] 2025-12-01... ✓ 7/7 venues
[26/90] 2025-12-02... ✓ 7/7 venues
[27/90] 2025-12-03... ✓ 7/7 venues
[28/90] 2025-12-04... ✓ 7/7 venues
[29/90] 2025-12-05... ✓ 7/7 venues
[30/90] 2025-12-06... ✓ 7/7 venues
[31/90] 2025-12-07... ✓ 7/7 venues
[32/90] 2025-12-08... ✓ 7/7 venues
[33/90] 2025-12-09... ✓ 7/7 venues
[34/90] 2025-12-10... ✓ 7/7 venues
[35/90] 2025-12-11... ✓ 7/7 venues
[36/90] 2025-12-12... ✓ 7/7 venues
[37/90] 2025-12-13... ✓ 7/7 venues
[38/90] 2025-12-14... ✓ 7/7 venues
[39/90] 2025-12-15... ✓ 7/7 venues
[40/90] 2025-12-16... ✓ 7/7 venues
[41/90] 2025-12-17... ✓ 7/7 venues
[42/90] 2025-12-18... ✓ 7/7 venues
[43/90] 2025-12-19... ✓ 7/7 venues
[44/90] 2025-12-20... ✓ 7/7 venues
[45/90] 2025-12-21... ✓ 7/7 venues
[46/90] 2025-12-22... ✓ 7/7 venues
[47/90] 2025-12-23... ✓ 7/7 venues
[48/90] 2025-12-24... ✓ 7/7 venues
[49/90] 2025-12-25... ✓ 7/7 venues
[50/90] 2025-12-26... ✓ 7/7 venues
[51/90] 2025-12-27... ✓ 7/7 venues
[52/90] 2025-12-28... ✓ 7/7 venues
[53/90] 2025-12-29... ✓ 7/7 venues
[54/90] 2025-12-30... ✓ 7/7 venues
[55/90] 2025-12-31... ✓ 7/7 venues
[56/90] 2026-01-01... ✓ 7/7 venues
[57/90] 2026-01-02... ✓ 7/7 venues
[58/90] 2026-01-03... ✓ 7/7 venues
[59/90] 2026-01-04... ✓ 7/7 venues
[60/90] 2026-01-05... ✓ 7/7 venues
[61/90] 2026-01-06... ✓ 7/7 venues
[62/90] 2026-01-07... ✓ 7/7 venues
[63/90] 2026-01-08... ✓ 7/7 venues
[64/90] 2026-01-09... ✓ 7/7 venues
[65/90] 2026-01-10... ✓ 7/7 venues
[66/90] 2026-01-11... ✓ 7/7 venues
[67/90] 2026-01-12... ✓ 7/7 venues
[68/90] 2026-01-13... ✓ 7/7 venues
[69/90] 2026-01-14... ✓ 7/7 venues
[70/90] 2026-01-15... ✓ 7/7 venues
[71/90] 2026-01-16... ✓ 7/7 venues
[72/90] 2026-01-17... ✓ 7/7 venues
[73/90] 2026-01-18... ✓ 7/7 venues
[74/90] 2026-01-19... ✓ 7/7 venues
[75/90] 2026-01-20... ✓ 7/7 venues
[76/90] 2026-01-21... ✓ 7/7 venues
[77/90] 2026-01-22... ✓ 7/7 venues
[78/90] 2026-01-23... ✓ 7/7 venues
[79/90] 2026-01-24... ✓ 7/7 venues
[80/90] 2026-01-25... ✓ 7/7 venues
[81/90] 2026-01-26... ✓ 7/7 venues
[82/90] 2026-01-27... ✓ 7/7 venues
[83/90] 2026-01-28... ✓ 7/7 venues
[84/90] 2026-01-29... ✓ 7/7 venues
[85/90] 2026-01-30... ✓ 7/7 venues
[86/90] 2026-01-31... ✓ 7/7 venues
[87/90] 2026-02-01... ✓ 7/7 venues
[88/90] 2026-02-02... ✓ 7/7 venues
[89/90] 2026-02-03... ✓ 7/7 venues
[90/90] 2026-02-04... ✓ 7/7 venues

✅ Backfill complete in 2852s
   Success: 90 days
   Failed: 0 days

