node:internal/modules/cjs/loader:1365
  const err = new Error(message);
              ^

Error: Cannot find module 'form-data'
Require stack:
- c:\Users\JacobShure\RESTAURANT APP\scripts\bulk-upload-via-api.ts
    at node:internal/modules/cjs/loader:1365:15
    at nextResolveSimple (c:\Users\JacobShure\RESTAURANT APP\node_modules\tsx\dist\register-D46fvsV_.cjs:4:1004)
    at c:\Users\JacobShure\RESTAURANT APP\node_modules\tsx\dist\register-D46fvsV_.cjs:3:2630
    at c:\Users\JacobShure\RESTAURANT APP\node_modules\tsx\dist\register-D46fvsV_.cjs:3:1542
    at resolveTsPaths (c:\Users\JacobShure\RESTAURANT APP\node_modules\tsx\dist\register-D46fvsV_.cjs:4:760)
    at c:\Users\JacobShure\RESTAURANT APP\node_modules\tsx\dist\register-D46fvsV_.cjs:4:1102
    at m._resolveFilename (file:///c:/Users/JacobShure/RESTAURANT%20APP/node_modules/tsx/dist/register-B7jrtLTO.mjs:1:789)
    at defaultResolveImpl (node:internal/modules/cjs/loader:1021:19)
    at resolveForCJSWithHooks (node:internal/modules/cjs/loader:1026:22)
    at Function._load (node:internal/modules/cjs/loader:1175:37) {
  code: 'MODULE_NOT_FOUND',
  requireStack: [
    'c:\\Users\\JacobShure\\RESTAURANT APP\\scripts\\bulk-upload-via-api.ts'
  ]
}

Node.js v22.18.0
